[0mGET / [36m302[0m 14.432 ms - 70[0m
[0mGET /users/Signin [32m200[0m 276.354 ms - 2484[0m
[0mGET /css/layouts.css [32m200[0m 14.049 ms - 163[0m
[0mGET /css/header.css [32m200[0m 13.668 ms - 388[0m
[0mGET /css/footer.css [32m200[0m 10.012 ms - 274[0m
[0mGET /css/signIn.css [32m200[0m 10.083 ms - 418[0m
[0mGET /favicon.ico [33m404[0m 6.009 ms - 150[0m
[0mGET /cart.json [33m404[0m 47.918 ms - 148[0m
[0mPOST /users/create-session [36m302[0m 71.768 ms - 70[0m
[0mGET /users/Signin [32m200[0m 11.427 ms - 2834[0m
[0mGET /css/layouts.css [36m304[0m 4.409 ms - -[0m
[0mGET /css/header.css [36m304[0m 5.603 ms - -[0m
[0mGET /css/footer.css [36m304[0m 5.277 ms - -[0m
[0mGET /css/signIn.css [36m304[0m 5.308 ms - -[0m
[0mGET /cart.json [33m404[0m 3.771 ms - 148[0m
[0mPOST /users/create-session [36m302[0m 244.596 ms - 46[0m
[0mGET / [32m200[0m 399.175 ms - 14591[0m
[0mGET /css/layouts.css [36m304[0m 1.304 ms - -[0m
[0mGET /css/header.css [36m304[0m 4.641 ms - -[0m
[0mGET /css/footer.css [36m304[0m 4.029 ms - -[0m
[0mGET /js/chat_engine.js [32m200[0m 6.544 ms - 1856[0m
[0mGET /js/home_posts.js [32m200[0m 24.543 ms - 8493[0m
[0mGET /css/home.css [32m200[0m 34.000 ms - 784[0m
[0mGET /css/chat_box.css [32m200[0m 47.261 ms - 1199[0m
[0mGET /cart.json [33m404[0m 6.802 ms - 148[0m
[0mGET /css/layouts.css [36m304[0m 0.601 ms - -[0m
[0mGET /css/header.css [36m304[0m 0.626 ms - -[0m
[0mGET /css/chat_box.css [36m304[0m 1.835 ms - -[0m
[0mGET /css/footer.css [36m304[0m 1.785 ms - -[0m
[0mGET /css/home.css [36m304[0m 1.718 ms - -[0m
[0mGET / [32m200[0m 41.446 ms - 14250[0m
[0mGET /css/layouts.css [36m304[0m 0.399 ms - -[0m
[0mGET /css/header.css [36m304[0m 0.524 ms - -[0m
[0mGET /css/footer.css [36m304[0m 0.478 ms - -[0m
[0mGET /css/chat_box.css [36m304[0m 2.045 ms - -[0m
[0mGET /js/home_posts.js [36m304[0m 1.830 ms - -[0m
[0mGET /js/chat_engine.js [36m304[0m 1.954 ms - -[0m
[0mGET /css/home.css [32m200[0m 6.266 ms - 887[0m
[0mGET /cart.json [33m404[0m 5.631 ms - 148[0m
[0mGET / [36m304[0m 47.306 ms - -[0m
[0mGET /css/layouts.css [36m304[0m 1.787 ms - -[0m
[0mGET /css/header.css [36m304[0m 2.647 ms - -[0m
[0mGET /js/home_posts.js [36m304[0m 4.494 ms - -[0m
[0mGET /css/footer.css [36m304[0m 4.156 ms - -[0m
[0mGET /css/chat_box.css [36m304[0m 3.163 ms - -[0m
[0mGET /js/chat_engine.js [36m304[0m 2.847 ms - -[0m
[0mGET /css/home.css [32m200[0m 5.095 ms - 915[0m
[0mGET /cart.json [33m404[0m 6.850 ms - 148[0m
[0mGET / [36m304[0m 33.107 ms - -[0m
[0mGET /css/layouts.css [36m304[0m 0.548 ms - -[0m
[0mGET /css/header.css [36m304[0m 0.873 ms - -[0m
[0mGET /css/footer.css [36m304[0m 0.805 ms - -[0m
[0mGET /css/chat_box.css [36m304[0m 1.963 ms - -[0m
[0mGET /js/home_posts.js [36m304[0m 1.864 ms - -[0m
[0mGET /js/chat_engine.js [36m304[0m 1.794 ms - -[0m
[0mGET /css/home.css [32m200[0m 4.554 ms - 913[0m
[0mGET /cart.json [33m404[0m 4.827 ms - 148[0m
[0mGET / [36m304[0m 32.572 ms - -[0m
[0mGET /css/layouts.css [36m304[0m 1.142 ms - -[0m
[0mGET /css/header.css [36m304[0m 1.063 ms - -[0m
[0mGET /css/footer.css [36m304[0m 4.177 ms - -[0m
[0mGET /css/chat_box.css [36m304[0m 3.505 ms - -[0m
[0mGET /js/home_posts.js [36m304[0m 3.380 ms - -[0m
[0mGET /js/chat_engine.js [36m304[0m 3.062 ms - -[0m
[0mGET /css/home.css [32m200[0m 6.384 ms - 890[0m
[0mGET /cart.json [33m404[0m 4.404 ms - 148[0m
[0mGET / [36m304[0m 34.607 ms - -[0m
[0mGET /css/layouts.css [36m304[0m 1.391 ms - -[0m
[0mGET /css/header.css [36m304[0m 1.482 ms - -[0m
[0mGET /css/footer.css [36m304[0m 0.575 ms - -[0m
[0mGET /css/chat_box.css [36m304[0m 2.035 ms - -[0m
[0mGET /js/home_posts.js [36m304[0m 1.852 ms - -[0m
[0mGET /js/chat_engine.js [36m304[0m 1.599 ms - -[0m
[0mGET /css/home.css [32m200[0m 4.270 ms - 892[0m
[0mGET /cart.json [33m404[0m 4.998 ms - 148[0m
[0mGET / [36m304[0m 46.933 ms - -[0m
[0mGET /css/layouts.css [36m304[0m 0.519 ms - -[0m
[0mGET /css/header.css [36m304[0m 1.345 ms - -[0m
[0mGET /css/footer.css [36m304[0m 1.512 ms - -[0m
[0mGET /css/chat_box.css [36m304[0m 2.306 ms - -[0m
[0mGET /js/home_posts.js [36m304[0m 2.218 ms - -[0m
[0mGET /js/chat_engine.js [36m304[0m 2.107 ms - -[0m
[0mGET /css/home.css [32m200[0m 5.754 ms - 15896[0m
[0mGET /cart.json [33m404[0m 4.089 ms - 148[0m
[0mGET / [36m304[0m 28.462 ms - -[0m
[0mGET /css/layouts.css [36m304[0m 0.507 ms - -[0m
[0mGET /css/header.css [36m304[0m 1.186 ms - -[0m
[0mGET /css/footer.css [36m304[0m 1.372 ms - -[0m
[0mGET /js/chat_engine.js [36m304[0m 2.638 ms - -[0m
[0mGET /css/chat_box.css [36m304[0m 0.966 ms - -[0m
[0mGET /js/home_posts.js [36m304[0m 0.888 ms - -[0m
[0mGET /css/home.css [32m200[0m 2.820 ms - 15894[0m
[0mGET /cart.json [33m404[0m 4.213 ms - 148[0m
[0mGET / [36m304[0m 28.620 ms - -[0m
[0mGET /css/layouts.css [36m304[0m 0.599 ms - -[0m
[0mGET /css/header.css [36m304[0m 0.760 ms - -[0m
[0mGET /css/footer.css [36m304[0m 2.939 ms - -[0m
[0mGET /css/chat_box.css [36m304[0m 2.746 ms - -[0m
[0mGET /js/home_posts.js [36m304[0m 2.844 ms - -[0m
[0mGET /js/chat_engine.js [36m304[0m 3.153 ms - -[0m
[0mGET /css/home.css [32m200[0m 5.887 ms - 1014[0m
[0mGET /cart.json [33m404[0m 4.523 ms - 148[0m
[0mGET /users/profile/641c35ced2a354d8e19ce07b [32m200[0m 55.970 ms - 2297[0m
[0mGET /css/layouts.css [36m304[0m 0.597 ms - -[0m
[0mGET /css/header.css [36m304[0m 1.644 ms - -[0m
[0mGET /css/footer.css [36m304[0m 1.762 ms - -[0m
[0mGET /css/user_profile.css [32m200[0m 4.881 ms - 80[0m
[0mGET /cart.json [33m404[0m 4.607 ms - 148[0m
[0mGET / [36m304[0m 26.845 ms - -[0m
[0mGET /css/layouts.css [36m304[0m 0.790 ms - -[0m
[0mGET /css/header.css [36m304[0m 1.790 ms - -[0m
[0mGET /css/footer.css [36m304[0m 1.909 ms - -[0m
[0mGET /css/home.css [36m304[0m 4.551 ms - -[0m
[0mGET /css/chat_box.css [36m304[0m 3.001 ms - -[0m
[0mGET /js/home_posts.js [36m304[0m 2.845 ms - -[0m
[0mGET /js/chat_engine.js [36m304[0m 2.346 ms - -[0m
[0mGET /cart.json [33m404[0m 4.729 ms - 148[0m
[0mGET /users/profile/641c19bd566f677d6da347fd [32m200[0m 9.842 ms - 2737[0m
[0mGET /css/layouts.css [36m304[0m 0.541 ms - -[0m
[0mGET /css/header.css [36m304[0m 1.631 ms - -[0m
[0mGET /css/footer.css [36m304[0m 1.568 ms - -[0m
[0mGET /css/user_profile.css [36m304[0m 1.498 ms - -[0m
[0mGET /cart.json [33m404[0m 5.436 ms - 148[0m
[0mGET / [36m304[0m 26.678 ms - -[0m
[0mGET /css/layouts.css [36m304[0m 0.613 ms - -[0m
[0mGET /css/header.css [36m304[0m 0.591 ms - -[0m
[0mGET /css/footer.css [36m304[0m 2.295 ms - -[0m
[0mGET /css/home.css [36m304[0m 1.897 ms - -[0m
[0mGET /css/chat_box.css [36m304[0m 2.969 ms - -[0m
[0mGET /js/chat_engine.js [36m304[0m 1.696 ms - -[0m
[0mGET /js/home_posts.js [36m304[0m 1.512 ms - -[0m
[0mGET /cart.json [33m404[0m 4.273 ms - 148[0m
[0mGET /users/profile/641c19bd566f677d6da347fd [36m304[0m 9.549 ms - -[0m
[0mGET /css/layouts.css [36m304[0m 0.484 ms - -[0m
[0mGET /css/header.css [36m304[0m 1.329 ms - -[0m
[0mGET /css/footer.css [36m304[0m 1.885 ms - -[0m
[0mGET /css/user_profile.css [36m304[0m 1.143 ms - -[0m
[0mGET /cart.json [33m404[0m 5.985 ms - 148[0m
[0mGET / [36m304[0m 28.572 ms - -[0m
[0mGET /css/layouts.css [36m304[0m 1.192 ms - -[0m
[0mGET /css/header.css [36m304[0m 1.056 ms - -[0m
[0mGET /css/footer.css [36m304[0m 1.219 ms - -[0m
[0mGET /css/home.css [36m304[0m 3.276 ms - -[0m
[0mGET /css/chat_box.css [36m304[0m 2.502 ms - -[0m
[0mGET /js/home_posts.js [36m304[0m 2.295 ms - -[0m
[0mGET /js/chat_engine.js [36m304[0m 2.132 ms - -[0m
[0mGET /cart.json [33m404[0m 5.124 ms - 148[0m
[0mGET /users/profile/641c19bd566f677d6da347fd [36m304[0m 10.014 ms - -[0m
[0mGET /css/layouts.css [36m304[0m 0.510 ms - -[0m
[0mGET /css/header.css [36m304[0m 0.523 ms - -[0m
[0mGET /css/footer.css [36m304[0m 1.384 ms - -[0m
[0mGET /css/user_profile.css [36m304[0m 1.224 ms - -[0m
[0mGET /cart.json [33m404[0m 4.762 ms - 148[0m
[0mGET /users/profile/641c19bd566f677d6da347fd [36m304[0m 10.181 ms - -[0m
[0mGET /css/layouts.css [36m304[0m 1.033 ms - -[0m
[0mGET /css/header.css [36m304[0m 2.566 ms - -[0m
[0mGET /css/footer.css [36m304[0m 2.039 ms - -[0m
[0mGET /css/user_profile.css [32m200[0m 2.935 ms - 248[0m
[0mGET /cart.json [33m404[0m 4.572 ms - 148[0m
[0mGET / [36m304[0m 38.215 ms - -[0m
[0mGET /css/layouts.css [36m304[0m 1.398 ms - -[0m
[0mGET /css/header.css [36m304[0m 1.223 ms - -[0m
[0mGET /css/footer.css [36m304[0m 0.806 ms - -[0m
[0mGET /css/home.css [36m304[0m 2.778 ms - -[0m
[0mGET /css/chat_box.css [36m304[0m 2.665 ms - -[0m
[0mGET /js/home_posts.js [36m304[0m 2.564 ms - -[0m
[0mGET /js/chat_engine.js [36m304[0m 2.306 ms - -[0m
[0mGET /cart.json [33m404[0m 6.376 ms - 148[0m
[0mGET / [36m304[0m 34.824 ms - -[0m
[0mGET /css/layouts.css [36m304[0m 0.487 ms - -[0m
[0mGET /css/header.css [36m304[0m 3.524 ms - -[0m
[0mGET /css/footer.css [36m304[0m 3.069 ms - -[0m
[0mGET /css/chat_box.css [36m304[0m 4.790 ms - -[0m
[0mGET /js/chat_engine.js [36m304[0m 2.357 ms - -[0m
[0mGET /js/home_posts.js [36m304[0m 2.072 ms - -[0m
[0mGET /css/home.css [32m200[0m 7.945 ms - 1030[0m
[0mGET /cart.json [33m404[0m 4.491 ms - 148[0m
[0mGET /users/profile/641c19bd566f677d6da347fd [36m304[0m 7.753 ms - -[0m
[0mGET /css/layouts.css [36m304[0m 0.539 ms - -[0m
[0mGET /css/header.css [36m304[0m 0.399 ms - -[0m
[0mGET /css/footer.css [36m304[0m 1.876 ms - -[0m
[0mGET /css/user_profile.css [36m304[0m 1.092 ms - -[0m
[0mGET /cart.json [33m404[0m 7.509 ms - 148[0m
[0mGET /users/profile/641c19bd566f677d6da347fd [36m304[0m 8.666 ms - -[0m
[0mGET /css/layouts.css [36m304[0m 0.502 ms - -[0m
[0mGET /css/header.css [36m304[0m 0.541 ms - -[0m
[0mGET /css/footer.css [36m304[0m 0.892 ms - -[0m
[0mGET /css/user_profile.css [32m200[0m 1.012 ms - 264[0m
[0mGET /cart.json [33m404[0m 4.673 ms - 148[0m
[0mGET / [36m304[0m 26.520 ms - -[0m
[0mGET /css/layouts.css [36m304[0m 0.499 ms - -[0m
[0mGET /css/header.css [36m304[0m 0.487 ms - -[0m
[0mGET /css/footer.css [36m304[0m 3.319 ms - -[0m
[0mGET /css/home.css [36m304[0m 3.200 ms - -[0m
[0mGET /css/chat_box.css [36m304[0m 3.169 ms - -[0m
[0mGET /js/home_posts.js [36m304[0m 3.052 ms - -[0m
[0mGET /js/chat_engine.js [36m304[0m 2.920 ms - -[0m
[0mGET /cart.json [33m404[0m 4.537 ms - 148[0m
[0mGET /users/profile/641c19bd566f677d6da347fd [36m304[0m 8.332 ms - -[0m
[0mGET /css/layouts.css [36m304[0m 0.608 ms - -[0m
[0mGET /css/header.css [36m304[0m 0.690 ms - -[0m
[0mGET /css/footer.css [36m304[0m 1.158 ms - -[0m
[0mGET /css/user_profile.css [36m304[0m 1.073 ms - -[0m
[0mGET /cart.json [33m404[0m 6.506 ms - 148[0m
[0mGET / [36m304[0m 27.618 ms - -[0m
[0mGET /css/layouts.css [36m304[0m 0.529 ms - -[0m
[0mGET /css/header.css [36m304[0m 0.869 ms - -[0m
[0mGET /css/footer.css [36m304[0m 1.105 ms - -[0m
[0mGET /css/home.css [36m304[0m 3.152 ms - -[0m
[0mGET /css/chat_box.css [36m304[0m 2.436 ms - -[0m
[0mGET /js/home_posts.js [36m304[0m 2.165 ms - -[0m
[0mGET /js/chat_engine.js [36m304[0m 2.084 ms - -[0m
[0mGET /cart.json [33m404[0m 5.879 ms - 148[0m
[0mGET /users/profile/641c35ced2a354d8e19ce07b [36m304[0m 10.382 ms - -[0m
[0mGET /css/layouts.css [36m304[0m 0.540 ms - -[0m
[0mGET /css/header.css [36m304[0m 0.940 ms - -[0m
[0mGET /css/footer.css [36m304[0m 1.155 ms - -[0m
[0mGET /css/user_profile.css [36m304[0m 1.095 ms - -[0m
[0mGET /cart.json [33m404[0m 4.721 ms - 148[0m
[0mGET /users/profile/641c35ced2a354d8e19ce07b [36m304[0m 8.693 ms - -[0m
[0mGET /css/layouts.css [36m304[0m 0.554 ms - -[0m
[0mGET /css/header.css [36m304[0m 1.123 ms - -[0m
[0mGET /css/footer.css [36m304[0m 0.722 ms - -[0m
[0mGET /css/user_profile.css [32m200[0m 1.825 ms - 280[0m
[0mGET /cart.json [33m404[0m 4.235 ms - 148[0m
[0mGET /users/profile/641c19bd566f677d6da347fd [36m304[0m 8.781 ms - -[0m
[0mGET /css/layouts.css [36m304[0m 0.461 ms - -[0m
[0mGET /css/header.css [36m304[0m 1.585 ms - -[0m
[0mGET /css/footer.css [36m304[0m 1.508 ms - -[0m
[0mGET /css/user_profile.css [36m304[0m 1.552 ms - -[0m
[0mGET /cart.json [33m404[0m 6.246 ms - 148[0m
[0mGET /users/profile/641c19bd566f677d6da347fd [36m304[0m 7.936 ms - -[0m
[0mGET /css/layouts.css [36m304[0m 0.670 ms - -[0m
[0mGET /css/header.css [36m304[0m 0.457 ms - -[0m
[0mGET /css/footer.css [36m304[0m 1.004 ms - -[0m
[0mGET /css/user_profile.css [32m200[0m 1.501 ms - 264[0m
[0mGET /cart.json [33m404[0m 4.876 ms - 148[0m
[0mGET / [36m304[0m 26.819 ms - -[0m
[0mGET /css/layouts.css [36m304[0m 0.567 ms - -[0m
[0mGET /css/header.css [36m304[0m 3.580 ms - -[0m
[0mGET /css/footer.css [36m304[0m 2.723 ms - -[0m
[0mGET /js/home_posts.js [36m304[0m 5.247 ms - -[0m
[0mGET /css/home.css [36m304[0m 3.191 ms - -[0m
[0mGET /css/chat_box.css [36m304[0m 3.002 ms - -[0m
[0mGET /js/chat_engine.js [36m304[0m 2.939 ms - -[0m
[0mGET /cart.json [33m404[0m 6.264 ms - 148[0m
